<?xml version="1.0" encoding="UTF-8"?>
<!-- Generated by org.testng.reporters.JUnitXMLReporter -->
<testsuite ignored="0" hostname="LTIN490436" failures="0" tests="12" name="Default test" time="41.852" errors="0" timestamp="2024-02-28T15:06:59 IST">
  <testcase classname="policyBazaar.test.TravelInsuranceTest" name="testTravelInsuranceButtonClick" time="0.149"/>
  <testcase classname="policyBazaar.test.TravelInsuranceTest" name="testSwitchToChildWindow" time="0.006"/>
  <testcase classname="policyBazaar.test.TravelInsuranceTest" name="SelectDestination" time="3.295"/>
  <testcase classname="policyBazaar.test.TravelInsuranceTest" name="testSelectDate" time="0.697"/>
  <testcase classname="policyBazaar.test.TravelInsuranceTest" name="testSelectNumberOfTravellers" time="1.11"/>
  <testcase classname="policyBazaar.test.TravelInsuranceTest" name="ViewPlan" time="1.238"/>
  <testcase classname="policyBazaar.test.TravelInsuranceTest" name="SelectingStudentTrip" time="7.731"/>
  <testcase classname="policyBazaar.test.TravelInsuranceTest" name="InsuranceData" time="4.02"/>
  <testcase classname="policyBazaar.test.TravelInsuranceTest" name="SwitchChild" time="0.006"/>
  <testcase classname="policyBazaar.test.TravelInsuranceTest" name="CarInsurance" time="7.321"/>
  <testcase classname="policyBazaar.test.TravelInsuranceTest" name="fillingForm" time="3.11"/>
  <testcase classname="policyBazaar.test.TravelInsuranceTest" name="HealthInsurance" time="0.451"/>
</testsuite> <!-- Default test -->
