<?xml version="1.0" encoding="UTF-8"?>
<!-- Generated by org.testng.reporters.JUnitXMLReporter -->
<testsuite ignored="0" hostname="LTIN513868" failures="0" tests="12" name="Sanity Tests" time="77.812" errors="0" timestamp="2024-02-28T14:39:43 IST">
  <testcase classname="policyBazaar.test.TravelInsuranceTest" name="testTravelInsuranceButtonClick" time="0.116"/>
  <testcase classname="policyBazaar.test.TravelInsuranceTest" name="testSwitchToChildWindow" time="0.006"/>
  <testcase classname="policyBazaar.test.TravelInsuranceTest" name="SelectDestination" time="8.955"/>
  <testcase classname="policyBazaar.test.TravelInsuranceTest" name="testSelectDate" time="1.396"/>
  <testcase classname="policyBazaar.test.TravelInsuranceTest" name="testSelectNumberOfTravellers" time="0.938"/>
  <testcase classname="policyBazaar.test.TravelInsuranceTest" name="ViewPlan" time="0.676"/>
  <testcase classname="policyBazaar.test.TravelInsuranceTest" name="SelectingStudentTrip" time="10.77"/>
  <testcase classname="policyBazaar.test.TravelInsuranceTest" name="InsuranceData" time="8.527"/>
  <testcase classname="policyBazaar.test.TravelInsuranceTest" name="SwitchChild" time="0.006"/>
  <testcase classname="policyBazaar.test.TravelInsuranceTest" name="CarInsurance" time="19.79"/>
  <testcase classname="policyBazaar.test.TravelInsuranceTest" name="fillingForm" time="2.89"/>
  <testcase classname="policyBazaar.test.TravelInsuranceTest" name="HealthInsurance" time="0.48"/>
</testsuite> <!-- Sanity Tests -->
