<?xml version="1.0" encoding="UTF-8"?>
<testng-results ignored="0" total="12" passed="12" failed="0" skipped="0">
  <reporter-output>
  </reporter-output>
  <suite started-at="2024-02-28T14:38:25 IST" name="Sanity Suite" finished-at="2024-02-28T14:39:43 IST" duration-ms="77812">
    <groups>
      <group name="sanity">
        <method signature="TravelInsuranceTest.testTravelInsuranceButtonClick()[pri:1, instance:policyBazaar.test.TravelInsuranceTest@736d6a5c]" name="testTravelInsuranceButtonClick" class="policyBazaar.test.TravelInsuranceTest"/>
        <method signature="TravelInsuranceTest.testSwitchToChildWindow()[pri:2, instance:policyBazaar.test.TravelInsuranceTest@736d6a5c]" name="testSwitchToChildWindow" class="policyBazaar.test.TravelInsuranceTest"/>
        <method signature="TravelInsuranceTest.SelectDestination()[pri:3, instance:policyBazaar.test.TravelInsuranceTest@736d6a5c]" name="SelectDestination" class="policyBazaar.test.TravelInsuranceTest"/>
        <method signature="TravelInsuranceTest.testSelectDate()[pri:4, instance:policyBazaar.test.TravelInsuranceTest@736d6a5c]" name="testSelectDate" class="policyBazaar.test.TravelInsuranceTest"/>
        <method signature="TravelInsuranceTest.testSelectNumberOfTravellers()[pri:5, instance:policyBazaar.test.TravelInsuranceTest@736d6a5c]" name="testSelectNumberOfTravellers" class="policyBazaar.test.TravelInsuranceTest"/>
        <method signature="TravelInsuranceTest.ViewPlan()[pri:6, instance:policyBazaar.test.TravelInsuranceTest@736d6a5c]" name="ViewPlan" class="policyBazaar.test.TravelInsuranceTest"/>
        <method signature="TravelInsuranceTest.SelectingStudentTrip()[pri:7, instance:policyBazaar.test.TravelInsuranceTest@736d6a5c]" name="SelectingStudentTrip" class="policyBazaar.test.TravelInsuranceTest"/>
        <method signature="TravelInsuranceTest.InsuranceData()[pri:8, instance:policyBazaar.test.TravelInsuranceTest@736d6a5c]" name="InsuranceData" class="policyBazaar.test.TravelInsuranceTest"/>
        <method signature="TravelInsuranceTest.SwitchChild()[pri:9, instance:policyBazaar.test.TravelInsuranceTest@736d6a5c]" name="SwitchChild" class="policyBazaar.test.TravelInsuranceTest"/>
        <method signature="TravelInsuranceTest.CarInsurance()[pri:10, instance:policyBazaar.test.TravelInsuranceTest@736d6a5c]" name="CarInsurance" class="policyBazaar.test.TravelInsuranceTest"/>
        <method signature="TravelInsuranceTest.fillingForm()[pri:11, instance:policyBazaar.test.TravelInsuranceTest@736d6a5c]" name="fillingForm" class="policyBazaar.test.TravelInsuranceTest"/>
        <method signature="TravelInsuranceTest.HealthInsurance()[pri:12, instance:policyBazaar.test.TravelInsuranceTest@736d6a5c]" name="HealthInsurance" class="policyBazaar.test.TravelInsuranceTest"/>
      </group> <!-- sanity -->
    </groups>
    <test started-at="2024-02-28T14:38:25 IST" name="Sanity Tests" finished-at="2024-02-28T14:39:43 IST" duration-ms="77812">
      <class name="policyBazaar.test.TravelInsuranceTest">
        <test-method is-config="true" signature="setup()[pri:0, instance:policyBazaar.test.TravelInsuranceTest@736d6a5c]" started-at="2024-02-28T14:38:25 IST" name="setup" finished-at="2024-02-28T14:38:45 IST" duration-ms="20122" status="PASS">
          <reporter-output>
          </reporter-output>
        </test-method> <!-- setup -->
        <test-method is-config="true" signature="setUp()[pri:0, instance:policyBazaar.test.TravelInsuranceTest@736d6a5c]" started-at="2024-02-28T14:38:45 IST" name="setUp" finished-at="2024-02-28T14:38:46 IST" duration-ms="693" status="PASS">
          <reporter-output>
          </reporter-output>
        </test-method> <!-- setUp -->
        <test-method signature="testTravelInsuranceButtonClick()[pri:1, instance:policyBazaar.test.TravelInsuranceTest@736d6a5c]" started-at="2024-02-28T14:38:46 IST" name="testTravelInsuranceButtonClick" finished-at="2024-02-28T14:38:46 IST" duration-ms="116" status="PASS">
          <reporter-output>
          </reporter-output>
        </test-method> <!-- testTravelInsuranceButtonClick -->
        <test-method is-config="true" signature="afterMethod(org.testng.ITestResult)[pri:0, instance:policyBazaar.test.TravelInsuranceTest@736d6a5c]" started-at="2024-02-28T14:38:46 IST" name="afterMethod" finished-at="2024-02-28T14:38:46 IST" duration-ms="159" status="PASS">
          <params>
            <param index="0">
              <value>
                <![CDATA[[TestResult name=testTravelInsuranceButtonClick status=SUCCESS method=TravelInsuranceTest.testTravelInsuranceButtonClick()[pri:1, instance:policyBazaar.test.TravelInsuranceTest@736d6a5c] output={null}]]]>
              </value>
            </param>
          </params>
          <reporter-output>
          </reporter-output>
        </test-method> <!-- afterMethod -->
        <test-method signature="testSwitchToChildWindow()[pri:2, instance:policyBazaar.test.TravelInsuranceTest@736d6a5c]" started-at="2024-02-28T14:38:46 IST" name="testSwitchToChildWindow" finished-at="2024-02-28T14:38:46 IST" duration-ms="6" status="PASS">
          <reporter-output>
          </reporter-output>
        </test-method> <!-- testSwitchToChildWindow -->
        <test-method is-config="true" signature="afterMethod(org.testng.ITestResult)[pri:0, instance:policyBazaar.test.TravelInsuranceTest@736d6a5c]" started-at="2024-02-28T14:38:46 IST" name="afterMethod" finished-at="2024-02-28T14:38:47 IST" duration-ms="186" status="PASS">
          <params>
            <param index="0">
              <value>
                <![CDATA[[TestResult name=testSwitchToChildWindow status=SUCCESS method=TravelInsuranceTest.testSwitchToChildWindow()[pri:2, instance:policyBazaar.test.TravelInsuranceTest@736d6a5c] output={null}]]]>
              </value>
            </param>
          </params>
          <reporter-output>
          </reporter-output>
        </test-method> <!-- afterMethod -->
        <test-method signature="SelectDestination()[pri:3, instance:policyBazaar.test.TravelInsuranceTest@736d6a5c]" started-at="2024-02-28T14:38:47 IST" name="SelectDestination" finished-at="2024-02-28T14:38:56 IST" duration-ms="8955" status="PASS">
          <reporter-output>
          </reporter-output>
        </test-method> <!-- SelectDestination -->
        <test-method is-config="true" signature="afterMethod(org.testng.ITestResult)[pri:0, instance:policyBazaar.test.TravelInsuranceTest@736d6a5c]" started-at="2024-02-28T14:38:56 IST" name="afterMethod" finished-at="2024-02-28T14:38:56 IST" duration-ms="170" status="PASS">
          <params>
            <param index="0">
              <value>
                <![CDATA[[TestResult name=SelectDestination status=SUCCESS method=TravelInsuranceTest.SelectDestination()[pri:3, instance:policyBazaar.test.TravelInsuranceTest@736d6a5c] output={null}]]]>
              </value>
            </param>
          </params>
          <reporter-output>
          </reporter-output>
        </test-method> <!-- afterMethod -->
        <test-method signature="testSelectDate()[pri:4, instance:policyBazaar.test.TravelInsuranceTest@736d6a5c]" started-at="2024-02-28T14:38:56 IST" name="testSelectDate" finished-at="2024-02-28T14:38:57 IST" duration-ms="1396" status="PASS">
          <reporter-output>
          </reporter-output>
        </test-method> <!-- testSelectDate -->
        <test-method is-config="true" signature="afterMethod(org.testng.ITestResult)[pri:0, instance:policyBazaar.test.TravelInsuranceTest@736d6a5c]" started-at="2024-02-28T14:38:57 IST" name="afterMethod" finished-at="2024-02-28T14:38:57 IST" duration-ms="209" status="PASS">
          <params>
            <param index="0">
              <value>
                <![CDATA[[TestResult name=testSelectDate status=SUCCESS method=TravelInsuranceTest.testSelectDate()[pri:4, instance:policyBazaar.test.TravelInsuranceTest@736d6a5c] output={null}]]]>
              </value>
            </param>
          </params>
          <reporter-output>
          </reporter-output>
        </test-method> <!-- afterMethod -->
        <test-method signature="testSelectNumberOfTravellers()[pri:5, instance:policyBazaar.test.TravelInsuranceTest@736d6a5c]" started-at="2024-02-28T14:38:57 IST" name="testSelectNumberOfTravellers" finished-at="2024-02-28T14:38:58 IST" duration-ms="938" status="PASS">
          <reporter-output>
          </reporter-output>
        </test-method> <!-- testSelectNumberOfTravellers -->
        <test-method is-config="true" signature="afterMethod(org.testng.ITestResult)[pri:0, instance:policyBazaar.test.TravelInsuranceTest@736d6a5c]" started-at="2024-02-28T14:38:58 IST" name="afterMethod" finished-at="2024-02-28T14:38:59 IST" duration-ms="223" status="PASS">
          <params>
            <param index="0">
              <value>
                <![CDATA[[TestResult name=testSelectNumberOfTravellers status=SUCCESS method=TravelInsuranceTest.testSelectNumberOfTravellers()[pri:5, instance:policyBazaar.test.TravelInsuranceTest@736d6a5c] output={null}]]]>
              </value>
            </param>
          </params>
          <reporter-output>
          </reporter-output>
        </test-method> <!-- afterMethod -->
        <test-method signature="ViewPlan()[pri:6, instance:policyBazaar.test.TravelInsuranceTest@736d6a5c]" started-at="2024-02-28T14:38:59 IST" name="ViewPlan" finished-at="2024-02-28T14:38:59 IST" duration-ms="676" status="PASS">
          <reporter-output>
          </reporter-output>
        </test-method> <!-- ViewPlan -->
        <test-method is-config="true" signature="afterMethod(org.testng.ITestResult)[pri:0, instance:policyBazaar.test.TravelInsuranceTest@736d6a5c]" started-at="2024-02-28T14:38:59 IST" name="afterMethod" finished-at="2024-02-28T14:38:59 IST" duration-ms="196" status="PASS">
          <params>
            <param index="0">
              <value>
                <![CDATA[[TestResult name=ViewPlan status=SUCCESS method=TravelInsuranceTest.ViewPlan()[pri:6, instance:policyBazaar.test.TravelInsuranceTest@736d6a5c] output={null}]]]>
              </value>
            </param>
          </params>
          <reporter-output>
          </reporter-output>
        </test-method> <!-- afterMethod -->
        <test-method signature="SelectingStudentTrip()[pri:7, instance:policyBazaar.test.TravelInsuranceTest@736d6a5c]" started-at="2024-02-28T14:38:59 IST" name="SelectingStudentTrip" finished-at="2024-02-28T14:39:10 IST" duration-ms="10770" status="PASS">
          <reporter-output>
          </reporter-output>
        </test-method> <!-- SelectingStudentTrip -->
        <test-method is-config="true" signature="afterMethod(org.testng.ITestResult)[pri:0, instance:policyBazaar.test.TravelInsuranceTest@736d6a5c]" started-at="2024-02-28T14:39:10 IST" name="afterMethod" finished-at="2024-02-28T14:39:10 IST" duration-ms="189" status="PASS">
          <params>
            <param index="0">
              <value>
                <![CDATA[[TestResult name=SelectingStudentTrip status=SUCCESS method=TravelInsuranceTest.SelectingStudentTrip()[pri:7, instance:policyBazaar.test.TravelInsuranceTest@736d6a5c] output={null}]]]>
              </value>
            </param>
          </params>
          <reporter-output>
          </reporter-output>
        </test-method> <!-- afterMethod -->
        <test-method signature="InsuranceData()[pri:8, instance:policyBazaar.test.TravelInsuranceTest@736d6a5c]" started-at="2024-02-28T14:39:10 IST" name="InsuranceData" finished-at="2024-02-28T14:39:19 IST" duration-ms="8527" status="PASS">
          <reporter-output>
          </reporter-output>
        </test-method> <!-- InsuranceData -->
        <test-method is-config="true" signature="afterMethod(org.testng.ITestResult)[pri:0, instance:policyBazaar.test.TravelInsuranceTest@736d6a5c]" started-at="2024-02-28T14:39:19 IST" name="afterMethod" finished-at="2024-02-28T14:39:19 IST" duration-ms="135" status="PASS">
          <params>
            <param index="0">
              <value>
                <![CDATA[[TestResult name=InsuranceData status=SUCCESS method=TravelInsuranceTest.InsuranceData()[pri:8, instance:policyBazaar.test.TravelInsuranceTest@736d6a5c] output={null}]]]>
              </value>
            </param>
          </params>
          <reporter-output>
          </reporter-output>
        </test-method> <!-- afterMethod -->
        <test-method signature="SwitchChild()[pri:9, instance:policyBazaar.test.TravelInsuranceTest@736d6a5c]" started-at="2024-02-28T14:39:19 IST" name="SwitchChild" finished-at="2024-02-28T14:39:19 IST" duration-ms="6" status="PASS">
          <reporter-output>
          </reporter-output>
        </test-method> <!-- SwitchChild -->
        <test-method is-config="true" signature="afterMethod(org.testng.ITestResult)[pri:0, instance:policyBazaar.test.TravelInsuranceTest@736d6a5c]" started-at="2024-02-28T14:39:19 IST" name="afterMethod" finished-at="2024-02-28T14:39:19 IST" duration-ms="129" status="PASS">
          <params>
            <param index="0">
              <value>
                <![CDATA[[TestResult name=SwitchChild status=SUCCESS method=TravelInsuranceTest.SwitchChild()[pri:9, instance:policyBazaar.test.TravelInsuranceTest@736d6a5c] output={null}]]]>
              </value>
            </param>
          </params>
          <reporter-output>
          </reporter-output>
        </test-method> <!-- afterMethod -->
        <test-method signature="CarInsurance()[pri:10, instance:policyBazaar.test.TravelInsuranceTest@736d6a5c]" started-at="2024-02-28T14:39:19 IST" name="CarInsurance" finished-at="2024-02-28T14:39:39 IST" duration-ms="19790" status="PASS">
          <reporter-output>
          </reporter-output>
        </test-method> <!-- CarInsurance -->
        <test-method is-config="true" signature="afterMethod(org.testng.ITestResult)[pri:0, instance:policyBazaar.test.TravelInsuranceTest@736d6a5c]" started-at="2024-02-28T14:39:39 IST" name="afterMethod" finished-at="2024-02-28T14:39:39 IST" duration-ms="138" status="PASS">
          <params>
            <param index="0">
              <value>
                <![CDATA[[TestResult name=CarInsurance status=SUCCESS method=TravelInsuranceTest.CarInsurance()[pri:10, instance:policyBazaar.test.TravelInsuranceTest@736d6a5c] output={null}]]]>
              </value>
            </param>
          </params>
          <reporter-output>
          </reporter-output>
        </test-method> <!-- afterMethod -->
        <test-method signature="fillingForm()[pri:11, instance:policyBazaar.test.TravelInsuranceTest@736d6a5c]" started-at="2024-02-28T14:39:39 IST" name="fillingForm" finished-at="2024-02-28T14:39:42 IST" duration-ms="2890" status="PASS">
          <reporter-output>
          </reporter-output>
        </test-method> <!-- fillingForm -->
        <test-method is-config="true" signature="afterMethod(org.testng.ITestResult)[pri:0, instance:policyBazaar.test.TravelInsuranceTest@736d6a5c]" started-at="2024-02-28T14:39:42 IST" name="afterMethod" finished-at="2024-02-28T14:39:42 IST" duration-ms="132" status="PASS">
          <params>
            <param index="0">
              <value>
                <![CDATA[[TestResult name=fillingForm status=SUCCESS method=TravelInsuranceTest.fillingForm()[pri:11, instance:policyBazaar.test.TravelInsuranceTest@736d6a5c] output={null}]]]>
              </value>
            </param>
          </params>
          <reporter-output>
          </reporter-output>
        </test-method> <!-- afterMethod -->
        <test-method signature="HealthInsurance()[pri:12, instance:policyBazaar.test.TravelInsuranceTest@736d6a5c]" started-at="2024-02-28T14:39:42 IST" name="HealthInsurance" finished-at="2024-02-28T14:39:43 IST" duration-ms="480" status="PASS">
          <reporter-output>
          </reporter-output>
        </test-method> <!-- HealthInsurance -->
        <test-method is-config="true" signature="afterMethod(org.testng.ITestResult)[pri:0, instance:policyBazaar.test.TravelInsuranceTest@736d6a5c]" started-at="2024-02-28T14:39:43 IST" name="afterMethod" finished-at="2024-02-28T14:39:43 IST" duration-ms="133" status="PASS">
          <params>
            <param index="0">
              <value>
                <![CDATA[[TestResult name=HealthInsurance status=SUCCESS method=TravelInsuranceTest.HealthInsurance()[pri:12, instance:policyBazaar.test.TravelInsuranceTest@736d6a5c] output={null}]]]>
              </value>
            </param>
          </params>
          <reporter-output>
          </reporter-output>
        </test-method> <!-- afterMethod -->
        <test-method is-config="true" signature="tearDown()[pri:0, instance:policyBazaar.test.TravelInsuranceTest@736d6a5c]" started-at="2024-02-28T14:39:43 IST" name="tearDown" finished-at="2024-02-28T14:39:43 IST" duration-ms="385" status="PASS">
          <reporter-output>
          </reporter-output>
        </test-method> <!-- tearDown -->
      </class> <!-- policyBazaar.test.TravelInsuranceTest -->
    </test> <!-- Sanity Tests -->
  </suite> <!-- Sanity Suite -->
</testng-results>
